0 info it worked if it ends with ok
1 verbose cli [ '/usr/local/Cellar/node/6.2.2/bin/node',
1 verbose cli   '/usr/local/bin/npm',
1 verbose cli   'i',
1 verbose cli   '-g',
1 verbose cli   'gulp' ]
2 info using npm@2.15.9
3 info using node@v4.6.0
4 verbose install initial load of /usr/local/lib/package.json
5 verbose readDependencies loading dependencies from /usr/local/lib/package.json
6 silly cache add args [ 'gulp', null ]
7 verbose cache add spec gulp
8 silly cache add parsed spec Result {
8 silly cache add   raw: 'gulp',
8 silly cache add   scope: null,
8 silly cache add   name: 'gulp',
8 silly cache add   rawSpec: '',
8 silly cache add   spec: 'latest',
8 silly cache add   type: 'tag' }
9 silly addNamed gulp@latest
10 verbose addNamed "latest" is being treated as a dist-tag for gulp
11 info addNameTag [ 'gulp', 'latest' ]
12 silly mapToRegistry name gulp
13 silly mapToRegistry using default registry
14 silly mapToRegistry registry https://registry.npmjs.org/
15 silly mapToRegistry data Result {
15 silly mapToRegistry   raw: 'gulp',
15 silly mapToRegistry   scope: null,
15 silly mapToRegistry   name: 'gulp',
15 silly mapToRegistry   rawSpec: '',
15 silly mapToRegistry   spec: 'latest',
15 silly mapToRegistry   type: 'tag' }
16 silly mapToRegistry uri https://registry.npmjs.org/gulp
17 verbose addNameTag registry:https://registry.npmjs.org/gulp not in flight; fetching
18 verbose request uri https://registry.npmjs.org/gulp
19 verbose request no auth needed
20 info attempt registry request try #1 at 1:33:22 PM
21 verbose request id 75b5a5ba8fd2dfed
22 verbose etag "7BD8RMZAOHVX5RLCWF8IUSSG9"
23 http request GET https://registry.npmjs.org/gulp
24 http 200 https://registry.npmjs.org/gulp
25 verbose headers { server: 'nginx/1.10.1',
25 verbose headers   'content-type': 'application/json',
25 verbose headers   'last-modified': 'Thu, 24 Nov 2016 03:59:49 GMT',
25 verbose headers   etag: 'W/"583665b5-1c8a7"',
25 verbose headers   'content-encoding': 'gzip',
25 verbose headers   'cache-control': 'max-age=300',
25 verbose headers   'content-length': '16571',
25 verbose headers   'accept-ranges': 'bytes',
25 verbose headers   date: 'Thu, 24 Nov 2016 11:33:23 GMT',
25 verbose headers   via: '1.1 varnish',
25 verbose headers   age: '213',
25 verbose headers   connection: 'keep-alive',
25 verbose headers   'x-served-by': 'cache-lhr6325-LHR',
25 verbose headers   'x-cache': 'HIT',
25 verbose headers   'x-cache-hits': '6',
25 verbose headers   'x-timer': 'S1479987203.712877,VS0,VE0',
25 verbose headers   vary: 'Accept-Encoding' }
26 silly get cb [ 200,
26 silly get   { server: 'nginx/1.10.1',
26 silly get     'content-type': 'application/json',
26 silly get     'last-modified': 'Thu, 24 Nov 2016 03:59:49 GMT',
26 silly get     etag: 'W/"583665b5-1c8a7"',
26 silly get     'content-encoding': 'gzip',
26 silly get     'cache-control': 'max-age=300',
26 silly get     'content-length': '16571',
26 silly get     'accept-ranges': 'bytes',
26 silly get     date: 'Thu, 24 Nov 2016 11:33:23 GMT',
26 silly get     via: '1.1 varnish',
26 silly get     age: '213',
26 silly get     connection: 'keep-alive',
26 silly get     'x-served-by': 'cache-lhr6325-LHR',
26 silly get     'x-cache': 'HIT',
26 silly get     'x-cache-hits': '6',
26 silly get     'x-timer': 'S1479987203.712877,VS0,VE0',
26 silly get     vary: 'Accept-Encoding' } ]
27 verbose get saving gulp to /Users/lev/.npm/registry.npmjs.org/gulp/.cache.json
28 verbose correctMkdir /Users/lev/.npm correctMkdir not in flight; initializing
29 silly addNameTag next cb for gulp with tag latest
30 silly addNamed gulp@3.9.1
31 verbose addNamed "3.9.1" is a plain semver version for gulp
32 silly cache afterAdd gulp@3.9.1
33 verbose afterAdd /Users/lev/.npm/gulp/3.9.1/package/package.json not in flight; writing
34 verbose correctMkdir /Users/lev/.npm correctMkdir not in flight; initializing
35 verbose afterAdd /Users/lev/.npm/gulp/3.9.1/package/package.json written
36 silly install resolved [ { name: 'gulp',
36 silly install resolved     description: 'The streaming build system',
36 silly install resolved     version: '3.9.1',
36 silly install resolved     homepage: 'http://gulpjs.com',
36 silly install resolved     repository: { type: 'git', url: 'git+https://github.com/gulpjs/gulp.git' },
36 silly install resolved     author:
36 silly install resolved      { name: 'Fractal',
36 silly install resolved        email: 'contact@wearefractal.com',
36 silly install resolved        url: 'http://wearefractal.com/' },
36 silly install resolved     tags: [ 'build', 'stream', 'system', 'make', 'tool', 'asset', 'pipeline' ],
36 silly install resolved     files: [ 'index.js', 'lib', 'bin', 'completion', 'gulp.1' ],
36 silly install resolved     bin: { gulp: './bin/gulp.js' },
36 silly install resolved     man: [ 'gulp.1' ],
36 silly install resolved     dependencies:
36 silly install resolved      { archy: '^1.0.0',
36 silly install resolved        chalk: '^1.0.0',
36 silly install resolved        deprecated: '^0.0.1',
36 silly install resolved        'gulp-util': '^3.0.0',
36 silly install resolved        interpret: '^1.0.0',
36 silly install resolved        liftoff: '^2.1.0',
36 silly install resolved        minimist: '^1.1.0',
36 silly install resolved        orchestrator: '^0.3.0',
36 silly install resolved        'pretty-hrtime': '^1.0.0',
36 silly install resolved        semver: '^4.1.0',
36 silly install resolved        tildify: '^1.0.0',
36 silly install resolved        v8flags: '^2.0.2',
36 silly install resolved        'vinyl-fs': '^0.3.0' },
36 silly install resolved     devDependencies:
36 silly install resolved      { coveralls: '^2.7.0',
36 silly install resolved        eslint: '^1.7.3',
36 silly install resolved        'eslint-config-gulp': '^2.0.0',
36 silly install resolved        'graceful-fs': '^3.0.0',
36 silly install resolved        istanbul: '^0.3.0',
36 silly install resolved        jscs: '^2.3.5',
36 silly install resolved        'jscs-preset-gulp': '^1.0.0',
36 silly install resolved        'marked-man': '^0.1.3',
36 silly install resolved        mkdirp: '^0.5.0',
36 silly install resolved        mocha: '^2.0.1',
36 silly install resolved        'mocha-lcov-reporter': '^0.0.1',
36 silly install resolved        q: '^1.0.0',
36 silly install resolved        rimraf: '^2.2.5',
36 silly install resolved        should: '^5.0.1' },
36 silly install resolved     scripts:
36 silly install resolved      { prepublish: 'marked-man --name gulp docs/CLI.md > gulp.1',
36 silly install resolved        lint: 'eslint . && jscs *.js bin/ lib/ test/',
36 silly install resolved        pretest: 'npm run lint',
36 silly install resolved        test: 'mocha --reporter spec',
36 silly install resolved        coveralls: 'istanbul cover _mocha --report lcovonly -- -R spec && cat ./coverage/lcov.info | coveralls && rm -rf ./coverage' },
36 silly install resolved     engines: { node: '>= 0.9' },
36 silly install resolved     license: 'MIT',
36 silly install resolved     gitHead: '9c14e3a13a73a32e424f144d62566671b2fcdbed',
36 silly install resolved     bugs: { url: 'https://github.com/gulpjs/gulp/issues' },
36 silly install resolved     _id: 'gulp@3.9.1',
36 silly install resolved     _shasum: '571ce45928dd40af6514fc4011866016c13845b4',
36 silly install resolved     _from: 'gulp@latest',
36 silly install resolved     _npmVersion: '2.14.14',
36 silly install resolved     _nodeVersion: '0.10.41',
36 silly install resolved     _npmUser: { name: 'phated', email: 'blaine@iceddev.com' },
36 silly install resolved     maintainers: [ [Object], [Object] ],
36 silly install resolved     dist:
36 silly install resolved      { shasum: '571ce45928dd40af6514fc4011866016c13845b4',
36 silly install resolved        tarball: 'https://registry.npmjs.org/gulp/-/gulp-3.9.1.tgz' },
36 silly install resolved     _npmOperationalInternal:
36 silly install resolved      { host: 'packages-6-west.internal.npmjs.com',
36 silly install resolved        tmp: 'tmp/gulp-3.9.1.tgz_1454957415500_0.15343931876122952' },
36 silly install resolved     directories: {},
36 silly install resolved     _resolved: 'https://registry.npmjs.org/gulp/-/gulp-3.9.1.tgz',
36 silly install resolved     readme: 'ERROR: No README data found!' } ]
37 info install gulp@3.9.1 into /usr/local/lib
38 info installOne gulp@3.9.1
39 verbose installOne of gulp to /usr/local/lib not in flight; installing
40 verbose correctMkdir /Users/lev/.npm/_locks correctMkdir not in flight; initializing
41 verbose lock using /Users/lev/.npm/_locks/gulp-709d00e5d169ceb3.lock for /usr/local/lib/node_modules/gulp
42 silly install write writing gulp 3.9.1 to /usr/local/lib/node_modules/gulp
43 verbose unbuild lib/node_modules/gulp
44 info preuninstall gulp@3.9.1
45 info uninstall gulp@3.9.1
46 verbose unbuild rmStuff gulp@3.9.1 from /usr/local/lib/node_modules
47 silly gentlyRm /usr/local/bin/gulp is being gently removed
48 silly gentlyRm verifying /usr/local is an npm working directory
49 verbose rmMans man files are [ 'gulp.1' ] in /usr/local/share/man
50 silly rmMan preparing to remove gulp.1
51 silly gentlyRm /usr/local/share/man/man1/gulp.1.1 is being gently removed
52 silly gentlyRm verifying /usr/local is an npm working directory
53 silly gentlyRm containing path /usr/local is under npm's control, in /usr/local
54 silly gentlyRm deletion target /usr/local/bin/gulp is under /usr/local
55 verbose gentlyRm vacuuming from /usr/local/bin/gulp up to /usr/local
56 silly gentlyRm containing path /usr/local is under npm's control, in /usr/local
57 silly gentlyRm deletion target /usr/local/share/man/man1/gulp.1.1 is under /usr/local
58 verbose gentlyRm vacuuming from /usr/local/share/man/man1/gulp.1.1 up to /usr/local
59 silly vacuum-fs removing /usr/local/bin/gulp
60 silly vacuum-fs quitting because other entries in /usr/local/bin
61 info postuninstall gulp@3.9.1
62 silly gentlyRm /usr/local/lib/node_modules/gulp is being purged from base /usr/local
63 verbose gentlyRm don't care about contents; nuking /usr/local/lib/node_modules/gulp
64 silly vacuum-fs purging /usr/local/lib/node_modules/gulp
65 verbose unlock done using /Users/lev/.npm/_locks/gulp-709d00e5d169ceb3.lock for /usr/local/lib/node_modules/gulp
66 verbose stack Error: EACCES: permission denied, unlink '/usr/local/lib/node_modules/gulp/CHANGELOG.md'
66 verbose stack     at Error (native)
67 verbose cwd /Users/lev/ga_course/unit_1/andel7.github.io/unit_6
68 error Darwin 16.1.0
69 error argv "/usr/local/Cellar/node/6.2.2/bin/node" "/usr/local/bin/npm" "i" "-g" "gulp"
70 error node v4.6.0
71 error npm  v2.15.9
72 error path /usr/local/lib/node_modules/gulp/CHANGELOG.md
73 error code EACCES
74 error errno -13
75 error syscall unlink
76 error Error: EACCES: permission denied, unlink '/usr/local/lib/node_modules/gulp/CHANGELOG.md'
76 error     at Error (native)
76 error  { [Error: EACCES: permission denied, unlink '/usr/local/lib/node_modules/gulp/CHANGELOG.md']
76 error   errno: -13,
76 error   code: 'EACCES',
76 error   syscall: 'unlink',
76 error   path: '/usr/local/lib/node_modules/gulp/CHANGELOG.md' }
77 error Please try running this command again as root/Administrator.
78 verbose exit [ -13, true ]
79 verbose unbuild lib/node_modules/gulp
80 info preuninstall gulp@3.9.1
81 info uninstall gulp@3.9.1
82 verbose unbuild rmStuff gulp@3.9.1 from /usr/local/lib/node_modules
83 silly gentlyRm /usr/local/bin/gulp is being gently removed
84 silly gentlyRm verifying /usr/local is an npm working directory
85 verbose rmMans man files are [ 'gulp.1' ] in /usr/local/share/man
86 silly rmMan preparing to remove gulp.1
87 silly gentlyRm /usr/local/share/man/man1/gulp.1.1 is being gently removed
88 silly gentlyRm verifying /usr/local is an npm working directory
89 silly gentlyRm containing path /usr/local is under npm's control, in /usr/local
90 silly gentlyRm deletion target /usr/local/bin/gulp is under /usr/local
91 verbose gentlyRm vacuuming from /usr/local/bin/gulp up to /usr/local
92 silly gentlyRm containing path /usr/local is under npm's control, in /usr/local
93 silly gentlyRm deletion target /usr/local/share/man/man1/gulp.1.1 is under /usr/local
94 verbose gentlyRm vacuuming from /usr/local/share/man/man1/gulp.1.1 up to /usr/local
95 info postuninstall gulp@3.9.1
96 silly gentlyRm /usr/local/lib/node_modules/gulp is being purged from base /usr/local
97 verbose gentlyRm don't care about contents; nuking /usr/local/lib/node_modules/gulp
98 silly vacuum-fs purging /usr/local/lib/node_modules/gulp
99 error error rolling back Error: EACCES: permission denied, unlink '/usr/local/lib/node_modules/gulp/CHANGELOG.md'
99 error error rolling back     at Error (native)
99 error error rolling back  { [Error: EACCES: permission denied, unlink '/usr/local/lib/node_modules/gulp/CHANGELOG.md']
99 error error rolling back   errno: -13,
99 error error rolling back   code: 'EACCES',
99 error error rolling back   syscall: 'unlink',
99 error error rolling back   path: '/usr/local/lib/node_modules/gulp/CHANGELOG.md' }
